# JRE version: Java(TM) SE Runtime Environment (8.0_111-b14) (build 1.8.0_111-b14)
# Java VM: Java HotSpot(TM) 64-Bit Server VM (25.111-b14 mixed mode windows-amd64 compressed oops)
Heap:
 PSYoungGen      total 34816K, used 10976K [0x00000000f5580000, 0x00000000f7e80000, 0x0000000100000000)
  eden space 27648K, 23% used [0x00000000f5580000,0x00000000f5be5db0,0x00000000f7080000)
  from space 7168K, 61% used [0x00000000f7080000,0x00000000f74d24a0,0x00000000f7780000)
  to   space 7168K, 0% used [0x00000000f7780000,0x00000000f7780000,0x00000000f7e80000)
 ParOldGen       total 81408K, used 54672K [0x00000000e0000000, 0x00000000e4f80000, 0x00000000f5580000)
  object space 81408K, 67% used [0x00000000e0000000,0x00000000e35642e0,0x00000000e4f80000)
 Metaspace       used 46127K, capacity 46916K, committed 47192K, reserved 1091584K
  class space    used 5269K, capacity 5441K, committed 5464K, reserved 1048576K
GC Heap History (10 events):
Event: 35308.263 GC heap before
{Heap before GC invocations=103 (full 2):
 PSYoungGen      total 34816K, used 32774K [0x00000000f5580000, 0x00000000f7e80000, 0x0000000100000000)
  eden space 27648K, 100% used [0x00000000f5580000,0x00000000f7080000,0x00000000f7080000)
  from space 7168K, 71% used [0x00000000f7780000,0x00000000f7c81b00,0x00000000f7e80000)
  to   space 7168K, 0% used [0x00000000f7080000,0x00000000f7080000,0x00000000f7780000)
 ParOldGen       total 81408K, used 53317K [0x00000000e0000000, 0x00000000e4f80000, 0x00000000f5580000)
  object space 81408K, 65% used [0x00000000e0000000,0x00000000e34115f8,0x00000000e4f80000)
 Metaspace       used 46077K, capacity 46910K, committed 46936K, reserved 1091584K
  class space    used 5269K, capacity 5440K, committed 5464K, reserved 1048576K
Event: 35308.268 GC heap after
Heap after GC invocations=103 (full 2):
 PSYoungGen      total 34816K, used 5462K [0x00000000f5580000, 0x00000000f7e80000, 0x0000000100000000)
  eden space 27648K, 0% used [0x00000000f5580000,0x00000000f5580000,0x00000000f7080000)
  from space 7168K, 76% used [0x00000000f7080000,0x00000000f75d58b0,0x00000000f7780000)
  to   space 7168K, 0% used [0x00000000f7780000,0x00000000f7780000,0x00000000f7e80000)
 ParOldGen       total 81408K, used 53373K [0x00000000e0000000, 0x00000000e4f80000, 0x00000000f5580000)
  object space 81408K, 65% used [0x00000000e0000000,0x00000000e341f5f8,0x00000000e4f80000)
 Metaspace       used 46077K, capacity 46910K, committed 46936K, reserved 1091584K
  class space    used 5269K, capacity 5440K, committed 5464K, reserved 1048576K
}
Event: 35425.302 GC heap before
{Heap before GC invocations=104 (full 2):
 PSYoungGen      total 34816K, used 33110K [0x00000000f5580000, 0x00000000f7e80000, 0x0000000100000000)
  eden space 27648K, 100% used [0x00000000f5580000,0x00000000f7080000,0x00000000f7080000)
  from space 7168K, 76% used [0x00000000f7080000,0x00000000f75d58b0,0x00000000f7780000)
  to   space 7168K, 0% used [0x00000000f7780000,0x00000000f7780000,0x00000000f7e80000)
 ParOldGen       total 81408K, used 53373K [0x00000000e0000000, 0x00000000e4f80000, 0x00000000f5580000)
  object space 81408K, 65% used [0x00000000e0000000,0x00000000e341f5f8,0x00000000e4f80000)
 Metaspace       used 46083K, capacity 46910K, committed 46936K, reserved 1091584K
  class space    used 5269K, capacity 5440K, committed 5464K, reserved 1048576K
Event: 35425.308 GC heap after
Heap after GC invocations=104 (full 2):
 PSYoungGen      total 34816K, used 5093K [0x00000000f5580000, 0x00000000f7e80000, 0x0000000100000000)
  eden space 27648K, 0% used [0x00000000f5580000,0x00000000f5580000,0x00000000f7080000)
  from space 7168K, 71% used [0x00000000f7780000,0x00000000f7c796d0,0x00000000f7e80000)
  to   space 7168K, 0% used [0x00000000f7080000,0x00000000f7080000,0x00000000f7780000)
 ParOldGen       total 81408K, used 53533K [0x00000000e0000000, 0x00000000e4f80000, 0x00000000f5580000)
  object space 81408K, 65% used [0x00000000e0000000,0x00000000e34475f8,0x00000000e4f80000)
 Metaspace       used 46083K, capacity 46910K, committed 46936K, reserved 1091584K
  class space    used 5269K, capacity 5440K, committed 5464K, reserved 1048576K
}
Event: 35472.782 GC heap before
{Heap before GC invocations=105 (full 2):
 PSYoungGen      total 34816K, used 32741K [0x00000000f5580000, 0x00000000f7e80000, 0x0000000100000000)
  eden space 27648K, 100% used [0x00000000f5580000,0x00000000f7080000,0x00000000f7080000)
  from space 7168K, 71% used [0x00000000f7780000,0x00000000f7c796d0,0x00000000f7e80000)
  to   space 7168K, 0% used [0x00000000f7080000,0x00000000f7080000,0x00000000f7780000)
 ParOldGen       total 81408K, used 53533K [0x00000000e0000000, 0x00000000e4f80000, 0x00000000f5580000)
  object space 81408K, 65% used [0x00000000e0000000,0x00000000e34475f8,0x00000000e4f80000)
 Metaspace       used 46085K, capacity 46910K, committed 46936K, reserved 1091584K
  class space    used 5269K, capacity 5440K, committed 5464K, reserved 1048576K
Event: 35472.788 GC heap after
Heap after GC invocations=105 (full 2):
 PSYoungGen      total 34816K, used 5851K [0x00000000f5580000, 0x00000000f7e80000, 0x0000000100000000)
  eden space 27648K, 0% used [0x00000000f5580000,0x00000000f5580000,0x00000000f7080000)
  from space 7168K, 81% used [0x00000000f7080000,0x00000000f7636c60,0x00000000f7780000)
  to   space 7168K, 0% used [0x00000000f7780000,0x00000000f7780000,0x00000000f7e80000)
 ParOldGen       total 81408K, used 53637K [0x00000000e0000000, 0x00000000e4f80000, 0x00000000f5580000)
  object space 81408K, 65% used [0x00000000e0000000,0x00000000e34615f8,0x00000000e4f80000)
 Metaspace       used 46085K, capacity 46910K, committed 46936K, reserved 1091584K
  class space    used 5269K, capacity 5440K, committed 5464K, reserved 1048576K
}
Event: 35535.712 GC heap before
{Heap before GC invocations=106 (full 2):
 PSYoungGen      total 34816K, used 33499K [0x00000000f5580000, 0x00000000f7e80000, 0x0000000100000000)
  eden space 27648K, 100% used [0x00000000f5580000,0x00000000f7080000,0x00000000f7080000)
  from space 7168K, 81% used [0x00000000f7080000,0x00000000f7636c60,0x00000000f7780000)
  to   space 7168K, 0% used [0x00000000f7780000,0x00000000f7780000,0x00000000f7e80000)
 ParOldGen       total 81408K, used 53637K [0x00000000e0000000, 0x00000000e4f80000, 0x00000000f5580000)
  object space 81408K, 65% used [0x00000000e0000000,0x00000000e34615f8,0x00000000e4f80000)
 Metaspace       used 46089K, capacity 46910K, committed 46936K, reserved 1091584K
  class space    used 5269K, capacity 5440K, committed 5464K, reserved 1048576K
Event: 35535.717 GC heap after
Heap after GC invocations=106 (full 2):
 PSYoungGen      total 34816K, used 5038K [0x00000000f5580000, 0x00000000f7e80000, 0x0000000100000000)
  eden space 27648K, 0% used [0x00000000f5580000,0x00000000f5580000,0x00000000f7080000)
  from space 7168K, 70% used [0x00000000f7780000,0x00000000f7c6b910,0x00000000f7e80000)
  to   space 7168K, 0% used [0x00000000f7080000,0x00000000f7080000,0x00000000f7780000)
 ParOldGen       total 81408K, used 53869K [0x00000000e0000000, 0x00000000e4f80000, 0x00000000f5580000)
  object space 81408K, 66% used [0x00000000e0000000,0x00000000e349b600,0x00000000e4f80000)
 Metaspace       used 46089K, capacity 46910K, committed 46936K, reserved 1091584K
  class space    used 5269K, capacity 5440K, committed 5464K, reserved 1048576K
}
Event: 35605.905 GC heap before
{Heap before GC invocations=107 (full 2):
 PSYoungGen      total 34816K, used 32686K [0x00000000f5580000, 0x00000000f7e80000, 0x0000000100000000)
  eden space 27648K, 100% used [0x00000000f5580000,0x00000000f7080000,0x00000000f7080000)
  from space 7168K, 70% used [0x00000000f7780000,0x00000000f7c6b910,0x00000000f7e80000)
  to   space 7168K, 0% used [0x00000000f7080000,0x00000000f7080000,0x00000000f7780000)
 ParOldGen       total 81408K, used 53869K [0x00000000e0000000, 0x00000000e4f80000, 0x00000000f5580000)
  object space 81408K, 66% used [0x00000000e0000000,0x00000000e349b600,0x00000000e4f80000)
 Metaspace       used 46101K, capacity 46916K, committed 47192K, reserved 1091584K
  class space    used 5269K, capacity 5441K, committed 5464K, reserved 1048576K
Event: 35605.913 GC heap after
Heap after GC invocations=107 (full 2):
 PSYoungGen      total 34816K, used 4425K [0x00000000f5580000, 0x00000000f7e80000, 0x0000000100000000)
  eden space 27648K, 0% used [0x00000000f5580000,0x00000000f5580000,0x00000000f7080000)
  from space 7168K, 61% used [0x00000000f7080000,0x00000000f74d24a0,0x00000000f7780000)
  to   space 7168K, 0% used [0x00000000f7780000,0x00000000f7780000,0x00000000f7e80000)
 ParOldGen       total 81408K, used 54672K [0x00000000e0000000, 0x00000000e4f80000, 0x00000000f5580000)
  object space 81408K, 67% used [0x00000000e0000000,0x00000000e35642e0,0x00000000e4f80000)
 Metaspace       used 46101K, capacity 46916K, committed 47192K, reserved 1091584K
  class space    used 5269K, capacity 5441K, committed 5464K, reserved 1048576K
}

